<?xml version="1.0" encoding="UTF-8"?>
<testng-results skipped="0" failed="0" total="1" passed="1">
  <reporter-output>
  </reporter-output>
  <suite name="Default suite" duration-ms="33113" started-at="2018-03-17T22:51:07Z" finished-at="2018-03-17T22:51:40Z">
    <groups>
    </groups>
    <test name="Default test" duration-ms="33113" started-at="2018-03-17T22:51:07Z" finished-at="2018-03-17T22:51:40Z">
      <class name="ExecuteTest">
        <test-method status="PASS" signature="testLogin()[pri:0, instance:ExecuteTest@23a2f9]" name="testLogin" duration-ms="33082" started-at="2018-03-18T04:21:07Z" finished-at="2018-03-18T04:21:40Z">
          <reporter-output>
          </reporter-output>
        </test-method> <!-- testLogin -->
      </class> <!-- ExecuteTest -->
    </test> <!-- Default test -->
  </suite> <!-- Default suite -->
</testng-results>
